Performing C++ SOURCE FILE Test VAES_SUPPORTED failed with the following output:
Change Dir: /workspaces/AidRigCode/build_linux_aarch64/CMakeFiles/CMakeTmp

Run Build Command(s):/usr/bin/make cmTC_4384a/fast && /usr/bin/make -f CMakeFiles/cmTC_4384a.dir/build.make CMakeFiles/cmTC_4384a.dir/build
make[1]: Entering directory '/workspaces/AidRigCode/build_linux_aarch64/CMakeFiles/CMakeTmp'
Building CXX object CMakeFiles/cmTC_4384a.dir/src.cxx.o
/usr/bin/aarch64-linux-gnu-g++    -DVAES_SUPPORTED   -mavx2 -mvaes -o CMakeFiles/cmTC_4384a.dir/src.cxx.o -c /workspaces/AidRigCode/build_linux_aarch64/CMakeFiles/CMakeTmp/src.cxx
aarch64-linux-gnu-g++: error: unrecognized command line option '-mavx2'
aarch64-linux-gnu-g++: error: unrecognized command line option '-mvaes'
make[1]: *** [CMakeFiles/cmTC_4384a.dir/build.make:66: CMakeFiles/cmTC_4384a.dir/src.cxx.o] Error 1
make[1]: Leaving directory '/workspaces/AidRigCode/build_linux_aarch64/CMakeFiles/CMakeTmp'
make: *** [Makefile:121: cmTC_4384a/fast] Error 2


Source file was:
int main() { return 0; }
Performing C SOURCE FILE Test CMAKE_HAVE_LIBC_PTHREAD failed with the following output:
Change Dir: /workspaces/AidRigCode/build_linux_aarch64/CMakeFiles/CMakeTmp

Run Build Command(s):/usr/bin/make cmTC_a9272/fast && /usr/bin/make -f CMakeFiles/cmTC_a9272.dir/build.make CMakeFiles/cmTC_a9272.dir/build
make[1]: Entering directory '/workspaces/AidRigCode/build_linux_aarch64/CMakeFiles/CMakeTmp'
Building C object CMakeFiles/cmTC_a9272.dir/src.c.o
/usr/bin/aarch64-linux-gnu-gcc   -Wall -Wno-strict-aliasing -march=armv8-a+crypto -DCMAKE_HAVE_LIBC_PTHREAD   -o CMakeFiles/cmTC_a9272.dir/src.c.o   -c /workspaces/AidRigCode/build_linux_aarch64/CMakeFiles/CMakeTmp/src.c
Linking C executable cmTC_a9272
/usr/bin/cmake -E cmake_link_script CMakeFiles/cmTC_a9272.dir/link.txt --verbose=1
/usr/bin/aarch64-linux-gnu-gcc  -Wall -Wno-strict-aliasing -march=armv8-a+crypto -DCMAKE_HAVE_LIBC_PTHREAD   -static-libgcc -static-libstdc++  CMakeFiles/cmTC_a9272.dir/src.c.o  -o cmTC_a9272 
/usr/lib/gcc-cross/aarch64-linux-gnu/9/../../../../aarch64-linux-gnu/bin/ld: CMakeFiles/cmTC_a9272.dir/src.c.o: in function `main':
src.c:(.text+0x48): undefined reference to `pthread_create'
/usr/lib/gcc-cross/aarch64-linux-gnu/9/../../../../aarch64-linux-gnu/bin/ld: src.c:(.text+0x50): undefined reference to `pthread_detach'
/usr/lib/gcc-cross/aarch64-linux-gnu/9/../../../../aarch64-linux-gnu/bin/ld: src.c:(.text+0x5c): undefined reference to `pthread_join'
collect2: error: ld returned 1 exit status
make[1]: *** [CMakeFiles/cmTC_a9272.dir/build.make:87: cmTC_a9272] Error 1
make[1]: Leaving directory '/workspaces/AidRigCode/build_linux_aarch64/CMakeFiles/CMakeTmp'
make: *** [Makefile:121: cmTC_a9272/fast] Error 2


Source file was:
#include <pthread.h>

void* test_func(void* data)
{
  return data;
}

int main(void)
{
  pthread_t thread;
  pthread_create(&thread, NULL, test_func, NULL);
  pthread_detach(thread);
  pthread_join(thread, NULL);
  pthread_atfork(NULL, NULL, NULL);
  pthread_exit(NULL);

  return 0;
}

Determining if the function pthread_create exists in the pthreads failed with the following output:
Change Dir: /workspaces/AidRigCode/build_linux_aarch64/CMakeFiles/CMakeTmp

Run Build Command(s):/usr/bin/make cmTC_edf68/fast && /usr/bin/make -f CMakeFiles/cmTC_edf68.dir/build.make CMakeFiles/cmTC_edf68.dir/build
make[1]: Entering directory '/workspaces/AidRigCode/build_linux_aarch64/CMakeFiles/CMakeTmp'
Building C object CMakeFiles/cmTC_edf68.dir/CheckFunctionExists.c.o
/usr/bin/aarch64-linux-gnu-gcc   -Wall -Wno-strict-aliasing -march=armv8-a+crypto -DCHECK_FUNCTION_EXISTS=pthread_create   -std=gnu99 -o CMakeFiles/cmTC_edf68.dir/CheckFunctionExists.c.o   -c /usr/share/cmake-3.16/Modules/CheckFunctionExists.c
Linking C executable cmTC_edf68
/usr/bin/cmake -E cmake_link_script CMakeFiles/cmTC_edf68.dir/link.txt --verbose=1
/usr/bin/aarch64-linux-gnu-gcc  -Wall -Wno-strict-aliasing -march=armv8-a+crypto -DCHECK_FUNCTION_EXISTS=pthread_create   -static-libgcc -static-libstdc++  CMakeFiles/cmTC_edf68.dir/CheckFunctionExists.c.o  -o cmTC_edf68  -lpthreads 
/usr/lib/gcc-cross/aarch64-linux-gnu/9/../../../../aarch64-linux-gnu/bin/ld: cannot find -lpthreads
collect2: error: ld returned 1 exit status
make[1]: *** [CMakeFiles/cmTC_edf68.dir/build.make:87: cmTC_edf68] Error 1
make[1]: Leaving directory '/workspaces/AidRigCode/build_linux_aarch64/CMakeFiles/CMakeTmp'
make: *** [Makefile:121: cmTC_edf68/fast] Error 2



